<?xml version="1.0" encoding="UTF-8"?>
<!-- Generated by org.testng.reporters.JUnitReportReporter -->
<testsuite skipped="0" hostname="DESKTOP-55O5G0N" name="testcases.LoginPageTest" tests="1" failures="0" timestamp="19 Jun 2020 10:12:47 GMT" time="15.835" errors="0">
  <testcase name="loginTest" time="15.835" classname="testcases.LoginPageTest"/>
</testsuite> <!-- testcases.LoginPageTest -->
